<?xml version="1.0" encoding="UTF-8"?>
<testng-results ignored="0" total="2" passed="2" failed="0" skipped="0">
  <reporter-output>
  </reporter-output>
  <suite started-at="2024-01-25T23:26:57 IST" name="All Test Suite" finished-at="2024-01-25T23:27:31 IST" duration-ms="34007">
    <groups>
    </groups>
    <test started-at="2024-01-25T23:26:57 IST" name="D:/SeleniumFramework" finished-at="2024-01-25T23:27:31 IST" duration-ms="34007">
      <class name="rahulshettyacademy.Tests.submitOrderTest">
        <test-method is-config="true" signature="launchApplicationPage()[pri:0, instance:rahulshettyacademy.Tests.submitOrderTest@70ed52de]" started-at="2024-01-25T23:26:57 IST" name="launchApplicationPage" finished-at="2024-01-25T23:27:01 IST" duration-ms="3752" status="PASS">
          <reporter-output>
          </reporter-output>
        </test-method> <!-- launchApplicationPage -->
        <test-method signature="submitOrder(java.util.HashMap)[pri:0, instance:rahulshettyacademy.Tests.submitOrderTest@70ed52de]" started-at="2024-01-25T23:27:01 IST" name="submitOrder" data-provider="getData" finished-at="2024-01-25T23:27:15 IST" duration-ms="14333" status="PASS">
          <params>
            <param index="0">
              <value>
                <![CDATA[{password=Gekko@06, id=jasdeep123@gmail.com, productName=ZARA COAT 3}]]>
              </value>
            </param>
          </params>
          <reporter-output>
          </reporter-output>
        </test-method> <!-- submitOrder -->
        <test-method is-config="true" signature="tearDown()[pri:0, instance:rahulshettyacademy.Tests.submitOrderTest@70ed52de]" started-at="2024-01-25T23:27:15 IST" name="tearDown" finished-at="2024-01-25T23:27:15 IST" duration-ms="1" status="PASS">
          <reporter-output>
          </reporter-output>
        </test-method> <!-- tearDown -->
        <test-method is-config="true" signature="launchApplicationPage()[pri:0, instance:rahulshettyacademy.Tests.submitOrderTest@70ed52de]" started-at="2024-01-25T23:27:15 IST" name="launchApplicationPage" finished-at="2024-01-25T23:27:17 IST" duration-ms="1362" status="PASS">
          <reporter-output>
          </reporter-output>
        </test-method> <!-- launchApplicationPage -->
        <test-method signature="submitOrder(java.util.HashMap)[pri:0, instance:rahulshettyacademy.Tests.submitOrderTest@70ed52de]" started-at="2024-01-25T23:27:17 IST" name="submitOrder" data-provider="getData" finished-at="2024-01-25T23:27:31 IST" duration-ms="14287" status="PASS">
          <params>
            <param index="0">
              <value>
                <![CDATA[{password=Iamking@000, id=anshika@gmail.com, productName=ADIDAS ORIGINAL}]]>
              </value>
            </param>
          </params>
          <reporter-output>
          </reporter-output>
        </test-method> <!-- submitOrder -->
        <test-method is-config="true" signature="tearDown()[pri:0, instance:rahulshettyacademy.Tests.submitOrderTest@70ed52de]" started-at="2024-01-25T23:27:31 IST" name="tearDown" finished-at="2024-01-25T23:27:31 IST" duration-ms="1" status="PASS">
          <reporter-output>
          </reporter-output>
        </test-method> <!-- tearDown -->
      </class> <!-- rahulshettyacademy.Tests.submitOrderTest -->
    </test> <!-- D:/SeleniumFramework -->
  </suite> <!-- All Test Suite -->
</testng-results>
